<?xml version="1.0" encoding="UTF-8"?>
<testsuite name="br.com.caelum.argentum.modelo.CandlestickFactoryTest" tests="4" skipped="0" failures="0" errors="0" timestamp="2018-07-08T21:08:31" hostname="hoiama-PC" time="0.003">
  <properties/>
  <testcase name="sequenciaSimplesDeNegociacao" classname="br.com.caelum.argentum.modelo.CandlestickFactoryTest" time="0.002"/>
  <testcase name="semNegociacaoGeraCandleComZeros" classname="br.com.caelum.argentum.modelo.CandlestickFactoryTest" time="0.0"/>
  <testcase name="apenasUmaNegociacaoGeraCandleComValoresIguais" classname="br.com.caelum.argentum.modelo.CandlestickFactoryTest" time="0.0"/>
  <testcase name="paraNegociacoesDeTresDiasDistintosGeraTresCandles" classname="br.com.caelum.argentum.modelo.CandlestickFactoryTest" time="0.0"/>
  <system-out><![CDATA[]]></system-out>
  <system-err><![CDATA[]]></system-err>
</testsuite>
