<?xml version="1.0" encoding="UTF-8"?>
<testsuite name="br.com.caelum.argentum.indicadores.MediaMovelPonderadaTest" tests="1" skipped="0" failures="0" errors="0" timestamp="2018-07-08T21:08:31" hostname="hoiama-PC" time="0.007">
  <properties/>
  <testcase name="sequenciaSimplesDeCandles" classname="br.com.caelum.argentum.indicadores.MediaMovelPonderadaTest" time="0.007"/>
  <system-out><![CDATA[]]></system-out>
  <system-err><![CDATA[]]></system-err>
</testsuite>
