<?xml version="1.0" encoding="UTF-8"?>
<testsuite name="br.com.caelum.argentum.modelo.NegociacaoTest" tests="6" skipped="0" failures="0" errors="0" timestamp="2018-07-08T21:08:31" hostname="hoiama-PC" time="0.001">
  <properties/>
  <testcase name="dataDaNegociacaoEhImutavel" classname="br.com.caelum.argentum.modelo.NegociacaoTest" time="0.0"/>
  <testcase name="naoCriaNegociacaoComDataNula" classname="br.com.caelum.argentum.modelo.NegociacaoTest" time="0.0"/>
  <testcase name="mesmoMilissegundoEhDoMesmoDia" classname="br.com.caelum.argentum.modelo.NegociacaoTest" time="0.0"/>
  <testcase name="comHorariosDiferentesEhNoMesmoDia" classname="br.com.caelum.argentum.modelo.NegociacaoTest" time="0.0"/>
  <testcase name="mesmoDiaMasMesesDiferentesNaoSaoDoMesmoDia" classname="br.com.caelum.argentum.modelo.NegociacaoTest" time="0.0"/>
  <testcase name="mesmoDiaEMesMasAnosDiferentesNaoSaoDoMesmoDia" classname="br.com.caelum.argentum.modelo.NegociacaoTest" time="0.0"/>
  <system-out><![CDATA[]]></system-out>
  <system-err><![CDATA[]]></system-err>
</testsuite>
