<?xml version="1.0" encoding="UTF-8"?>
<testsuite name="br.com.caelum.argentum.bean.FiltraNegociacoesIT" tests="1" skipped="0" failures="1" errors="0" timestamp="2018-07-08T21:08:31" hostname="hoiama-PC" time="0.426">
  <properties/>
  <testcase name="verificaResultadosFiltradosNaTabela" classname="br.com.caelum.argentum.bean.FiltraNegociacoesIT" time="0.426">
    <failure message="java.lang.RuntimeException: Nao eh possivel determinar o navegador para execucao dos testes." type="java.lang.RuntimeException">java.lang.RuntimeException: Nao eh possivel determinar o navegador para execucao dos testes.
	at br.com.caelum.argentum.bean.FiltraNegociacoesIT.iniciaNavegador(FiltraNegociacoesIT.java:71)
	at sun.reflect.NativeMethodAccessorImpl.invoke0(Native Method)
	at sun.reflect.NativeMethodAccessorImpl.invoke(NativeMethodAccessorImpl.java:62)
	at sun.reflect.DelegatingMethodAccessorImpl.invoke(DelegatingMethodAccessorImpl.java:43)
	at java.lang.reflect.Method.invoke(Method.java:498)
	at org.junit.runners.model.FrameworkMethod$1.runReflectiveCall(FrameworkMethod.java:44)
	at org.junit.internal.runners.model.ReflectiveCallable.run(ReflectiveCallable.java:15)
	at org.junit.runners.model.FrameworkMethod.invokeExplosively(FrameworkMethod.java:41)
	at org.junit.internal.runners.statements.RunBefores.evaluate(RunBefores.java:27)
	at org.jboss.arquillian.junit.Arquillian$StatementLifecycleExecutor.invoke(Arquillian.java:351)
	at org.jboss.arquillian.container.test.impl.execution.BeforeLifecycleEventExecuter.on(BeforeLifecycleEventExecuter.java:35)
	at sun.reflect.NativeMethodAccessorImpl.invoke0(Native Method)
	at sun.reflect.NativeMethodAccessorImpl.invoke(NativeMethodAccessorImpl.java:62)
	at sun.reflect.DelegatingMethodAccessorImpl.invoke(DelegatingMethodAccessorImpl.java:43)
	at java.lang.reflect.Method.invoke(Method.java:498)
	at org.jboss.arquillian.core.impl.ObserverImpl.invoke(ObserverImpl.java:94)
	at org.jboss.arquillian.core.impl.EventContextImpl.invokeObservers(EventContextImpl.java:99)
	at org.jboss.arquillian.core.impl.EventContextImpl.proceed(EventContextImpl.java:81)
	at org.jboss.arquillian.test.impl.TestContextHandler.createTestContext(TestContextHandler.java:89)
	at sun.reflect.NativeMethodAccessorImpl.invoke0(Native Method)
	at sun.reflect.NativeMethodAccessorImpl.invoke(NativeMethodAccessorImpl.java:62)
	at sun.reflect.DelegatingMethodAccessorImpl.invoke(DelegatingMethodAccessorImpl.java:43)
	at java.lang.reflect.Method.invoke(Method.java:498)
	at org.jboss.arquillian.core.impl.ObserverImpl.invoke(ObserverImpl.java:94)
	at org.jboss.arquillian.core.impl.EventContextImpl.proceed(EventContextImpl.java:88)
	at org.jboss.arquillian.test.impl.TestContextHandler.createClassContext(TestContextHandler.java:75)
	at sun.reflect.NativeMethodAccessorImpl.invoke0(Native Method)
	at sun.reflect.NativeMethodAccessorImpl.invoke(NativeMethodAccessorImpl.java:62)
	at sun.reflect.DelegatingMethodAccessorImpl.invoke(DelegatingMethodAccessorImpl.java:43)
	at java.lang.reflect.Method.invoke(Method.java:498)
	at org.jboss.arquillian.core.impl.ObserverImpl.invoke(ObserverImpl.java:94)
	at org.jboss.arquillian.core.impl.EventContextImpl.proceed(EventContextImpl.java:88)
	at org.jboss.arquillian.test.impl.TestContextHandler.createSuiteContext(TestContextHandler.java:60)
	at sun.reflect.NativeMethodAccessorImpl.invoke0(Native Method)
	at sun.reflect.NativeMethodAccessorImpl.invoke(NativeMethodAccessorImpl.java:62)
	at sun.reflect.DelegatingMethodAccessorImpl.invoke(DelegatingMethodAccessorImpl.java:43)
	at java.lang.reflect.Method.invoke(Method.java:498)
	at org.jboss.arquillian.core.impl.ObserverImpl.invoke(ObserverImpl.java:94)
	at org.jboss.arquillian.core.impl.EventContextImpl.proceed(EventContextImpl.java:88)
	at org.jboss.arquillian.core.impl.ManagerImpl.fire(ManagerImpl.java:135)
	at org.jboss.arquillian.core.impl.ManagerImpl.fire(ManagerImpl.java:115)
	at org.jboss.arquillian.test.impl.EventTestRunnerAdaptor.before(EventTestRunnerAdaptor.java:95)
	at org.jboss.arquillian.junit.Arquillian$4.evaluate(Arquillian.java:222)
	at org.jboss.arquillian.junit.Arquillian.multiExecute(Arquillian.java:314)
	at org.jboss.arquillian.junit.Arquillian.access$100(Arquillian.java:46)
	at org.jboss.arquillian.junit.Arquillian$5.evaluate(Arquillian.java:240)
	at org.junit.runners.ParentRunner.runLeaf(ParentRunner.java:263)
	at org.junit.runners.BlockJUnit4ClassRunner.runChild(BlockJUnit4ClassRunner.java:69)
	at org.junit.runners.BlockJUnit4ClassRunner.runChild(BlockJUnit4ClassRunner.java:48)
	at org.junit.runners.ParentRunner$3.run(ParentRunner.java:231)
	at org.junit.runners.ParentRunner$1.schedule(ParentRunner.java:60)
	at org.junit.runners.ParentRunner.runChildren(ParentRunner.java:229)
	at org.junit.runners.ParentRunner.access$000(ParentRunner.java:50)
	at org.junit.runners.ParentRunner$2.evaluate(ParentRunner.java:222)
	at org.jboss.arquillian.junit.Arquillian$2.evaluate(Arquillian.java:185)
	at org.jboss.arquillian.junit.Arquillian.multiExecute(Arquillian.java:314)
	at org.jboss.arquillian.junit.Arquillian.access$100(Arquillian.java:46)
	at org.jboss.arquillian.junit.Arquillian$3.evaluate(Arquillian.java:199)
	at org.junit.runners.ParentRunner.run(ParentRunner.java:292)
	at org.jboss.arquillian.junit.Arquillian.run(Arquillian.java:147)
	at org.junit.runner.JUnitCore.run(JUnitCore.java:157)
	at org.junit.runner.JUnitCore.run(JUnitCore.java:136)
	at org.jboss.arquillian.junit.container.JUnitTestRunner.execute(JUnitTestRunner.java:65)
	at org.jboss.arquillian.protocol.servlet.runner.ServletTestRunner.executeTest(ServletTestRunner.java:160)
	at org.jboss.arquillian.protocol.servlet.runner.ServletTestRunner.execute(ServletTestRunner.java:126)
	at org.jboss.arquillian.protocol.servlet.runner.ServletTestRunner.doGet(ServletTestRunner.java:90)
	at javax.servlet.http.HttpServlet.service(HttpServlet.java:668)
	at javax.servlet.http.HttpServlet.service(HttpServlet.java:770)
	at org.apache.catalina.core.ApplicationFilterChain.internalDoFilter(ApplicationFilterChain.java:303)
	at org.apache.catalina.core.ApplicationFilterChain.doFilter(ApplicationFilterChain.java:208)
	at org.apache.catalina.core.StandardWrapperValve.invoke(StandardWrapperValve.java:220)
	at org.apache.catalina.core.StandardContextValve.invoke(StandardContextValve.java:122)
	at org.apache.catalina.authenticator.AuthenticatorBase.invoke(AuthenticatorBase.java:505)
	at org.apache.catalina.core.StandardHostValve.invoke(StandardHostValve.java:170)
	at org.apache.catalina.valves.ErrorReportValve.invoke(ErrorReportValve.java:103)
	at org.apache.catalina.core.StandardEngineValve.invoke(StandardEngineValve.java:116)
	at org.apache.catalina.connector.CoyoteAdapter.service(CoyoteAdapter.java:423)
	at org.apache.coyote.http11.AbstractHttp11Processor.process(AbstractHttp11Processor.java:1079)
	at org.apache.coyote.AbstractProtocol$AbstractConnectionHandler.process(AbstractProtocol.java:625)
	at org.apache.tomcat.util.net.JIoEndpoint$SocketProcessor.run(JIoEndpoint.java:316)
	at java.util.concurrent.ThreadPoolExecutor.runWorker(ThreadPoolExecutor.java:1149)
	at java.util.concurrent.ThreadPoolExecutor$Worker.run(ThreadPoolExecutor.java:624)
	at org.apache.tomcat.util.threads.TaskThread$WrappingRunnable.run(TaskThread.java:61)
	at java.lang.Thread.run(Thread.java:748)
</failure>
  </testcase>
  <system-out><![CDATA[]]></system-out>
  <system-err><![CDATA[Jul 08, 2018 6:08:21 PM org.apache.coyote.AbstractProtocol init
INFO: Initializing ProtocolHandler ["http-bio-8888"]
Jul 08, 2018 6:08:21 PM org.apache.catalina.core.StandardService startInternal
INFO: Starting service arquillian-tomcat-embedded-7
Jul 08, 2018 6:08:21 PM org.apache.catalina.core.StandardEngine startInternal
INFO: Starting Servlet Engine: Apache Tomcat/7.0.64
Jul 08, 2018 6:08:21 PM org.apache.coyote.AbstractProtocol start
INFO: Starting ProtocolHandler ["http-bio-8888"]
Jul 08, 2018 6:08:25 PM org.apache.catalina.startup.HostConfig deployWAR
INFO: Deploying web application archive /media/hoiama/DADOS/DADOS/8_Softwares/1_Repositorios/Git/Rep_Aula_Jenkins/argentum-web-master/target/tomcat-embedded-7/webapps/ROOT.war
Jul 08, 2018 6:08:25 PM org.apache.catalina.startup.ContextConfig getDefaultWebXmlFragment
INFO: No global web.xml found
Jul 08, 2018 6:08:29 PM org.apache.catalina.startup.TaglibUriRule body
INFO: TLD skipped. URI: 
        http://java.sun.com/jsf/html
     is already defined
Jul 08, 2018 6:08:29 PM org.apache.catalina.startup.TaglibUriRule body
INFO: TLD skipped. URI: http://java.sun.com/jsf/core is already defined
Jul 08, 2018 6:08:29 PM org.apache.catalina.startup.TaglibUriRule body
INFO: TLD skipped. URI: http://mojarra.dev.java.net/mojarra_ext is already defined
Jul 08, 2018 6:08:29 PM org.apache.catalina.startup.TldConfig execute
INFO: At least one JAR was scanned for TLDs yet contained no TLDs. Enable debug logging for this logger for a complete list of JARs that were scanned but no TLDs were found in them. Skipping unneeded JARs during scanning can improve startup time and JSP compilation time.
Jul 08, 2018 6:08:30 PM com.sun.faces.config.ConfigureListener contextInitialized
INFO: Initializing Mojarra 2.2.6 ( 20140304-1537 https://svn.java.net/svn/mojarra~svn/tags/2.2.6@12949) for context ''
Jul 08, 2018 6:08:30 PM com.sun.faces.spi.InjectionProviderFactory createInstance
INFO: JSF1048: PostConstruct/PreDestroy annotations present.  ManagedBeans methods marked with these annotations will have said annotations processed.
Jul 08, 2018 6:08:30 PM com.sun.faces.config.JavaClassScanningAnnotationScanner$ConstantPoolInfo containsAnnotation
SEVERE: Unknow type constant pool 18 at position 27
Jul 08, 2018 6:08:30 PM com.sun.faces.config.JavaClassScanningAnnotationScanner$ConstantPoolInfo containsAnnotation
SEVERE: Unknow type constant pool 0 at position 28
Jul 08, 2018 6:08:30 PM com.sun.faces.config.JavaClassScanningAnnotationScanner$ConstantPoolInfo containsAnnotation
SEVERE: Unknow type constant pool 0 at position 29
Jul 08, 2018 6:08:30 PM com.sun.faces.config.JavaClassScanningAnnotationScanner$ConstantPoolInfo containsAnnotation
SEVERE: Unknow type constant pool 0 at position 30
Jul 08, 2018 6:08:30 PM com.sun.faces.config.JavaClassScanningAnnotationScanner$ConstantPoolInfo containsAnnotation
SEVERE: Unknow type constant pool -85 at position 31
Jul 08, 2018 6:08:31 PM org.primefaces.webapp.PostConstructApplicationEventListener processEvent
INFO: Running on PrimeFaces 5.3
Jul 08, 2018 6:08:31 PM org.primefaces.webapp.PostConstructApplicationEventListener processEvent
INFO: Running on PrimeFaces 5.3
Jul 08, 2018 6:08:31 PM org.apache.catalina.startup.HostConfig deployWAR
INFO: Deployment of web application archive /media/hoiama/DADOS/DADOS/8_Softwares/1_Repositorios/Git/Rep_Aula_Jenkins/argentum-web-master/target/tomcat-embedded-7/webapps/ROOT.war has finished in 5,766 ms
Jul 08, 2018 6:08:31 PM org.apache.catalina.startup.ExpandWar deleteDir
SEVERE: [/media/hoiama/DADOS/DADOS/8_Softwares/1_Repositorios/Git/Rep_Aula_Jenkins/argentum-web-master/target/tomcat-embedded-7/webapps/ROOT/WEB-INF/lib] could not be completely deleted. The presence of the remaining files may cause problems
Jul 08, 2018 6:08:31 PM org.apache.catalina.startup.ExpandWar deleteDir
SEVERE: [/media/hoiama/DADOS/DADOS/8_Softwares/1_Repositorios/Git/Rep_Aula_Jenkins/argentum-web-master/target/tomcat-embedded-7/webapps/ROOT/WEB-INF] could not be completely deleted. The presence of the remaining files may cause problems
Jul 08, 2018 6:08:31 PM org.apache.catalina.startup.ExpandWar deleteDir
SEVERE: [/media/hoiama/DADOS/DADOS/8_Softwares/1_Repositorios/Git/Rep_Aula_Jenkins/argentum-web-master/target/tomcat-embedded-7/webapps/ROOT] could not be completely deleted. The presence of the remaining files may cause problems
]]></system-err>
</testsuite>
